/*
Assignment: 1
Pull the list of first_name, last_name and email of each of our customers
*/ 
SELECT first_name,
last_name,
email
FROM customer
/*
Assignment: 2
Pull the record of the films and see if there are rental duations other then: 3,5 or 7 days
*/ 

-- Solution: 2
SELECT DISTINCT 
	rental_duration
FROM film;
-- Solution: 3
SELECT
	customer_id,
    rental_id,
    amount,
    payment_date
FROM payment
WHERE customer_id <101;

/*
Assignment: 4
Pull the list of payments over $5 for those same customers, since Jan-1-2006
*/ 

-- Solution: 4
SELECT
	customer_id,
    rental_id,
    amount,
    payment_date
FROM payment
WHERE customer_id < 101
	AND amount > 5
	AND payment_date > '2006-01-01';
    
/*
Assignment: 5
Pull payments from those specific customers along with payments above $5 from any customer
*/ 

-- Solution: 5
SELECT 
    *
FROM
    payment
WHERE
    amount > 5 OR customer_id = 42
        OR customer_id = 53
        OR customer_id = 60
        OR customer_id = 75
/*
Assignment: 6
To understand the special feature in the film record, pull the list of all the films
which include 'Behind the Scenes' as special features
*/ 
SELECT 
    title,
    special_features
FROM
    film
WHERE
    special_features LIKE '%Behind the Scenes%'
/*
Assignment: 7
Count of all film titles sliced by rental duration
*/ 

SELECT 
    rental_duration, COUNT(*) AS films_with_this_rental_duration
FROM
    film
GROUP BY rental_duration
/*
Assignment: 8
Pull count of films, along with avg, min and max of rental rate grouped by replacement cost
*/ 
SELECT 
    replacement_cost,
    COUNT(*) AS number_of_films,
    MIN(rental_rate) AS cheapest_rental,
    MAX(rental_rate) AS most_expensive_rental,
    AVG(rental_rate) AS average_rental
FROM
    film
GROUP BY replacement_cost
ORDER BY replacement_cost DESC
/*
Assignment: 9
Pull the list of customer_id with less then 15 rentals all time
*/ 
select customer_id, count(*) as total_rentals from rental group by customer_id having count(1)<15

/*
Assignment: 10
Pull list of all film titles along with there length and rental rate and sort from longest to shortes
*/ 
SELECT 
    title, length, rental_rate
FROM
    film
ORDER BY length desc
/*
Assignment: 11
Find out the names of all customers along with there store they prefer and are they active on them or not
*/ 
SELECT 
    first_name,
    last_name,
    CASE
        WHEN store_id = 1 AND active = 1 THEN 'store 1 active'
        WHEN store_id = 1 AND active = 0 THEN 'store 1 inactive'
        WHEN store_id = 2 AND active = 1 THEN 'store 2 active'
        WHEN store_id = 2 AND active = 0 THEN 'store 2 inactive'
    END as store_and_status
FROM
    customer
Assignment: 12
How many inactive customers we have at each store
*/ 

SELECT 
    COUNT(CASE WHEN store_id = 1 AND active = 0 THEN customer_id ELSE NULL END) AS store_1_inactive_customers,
    COUNT(CASE WHEN store_id = 2 AND active = 0 THEN customer_id ELSE NULL END) AS store_2_inactive_customers
FROM customer;
/*
/*
Assignment: 13
How many active and inactive customers we have at each store
*/ 
SELECT 
    store_id,
    COUNT(CASE
        WHEN active = 1 THEN 1
        ELSE NULL
    END) AS active,
    COUNT(CASE
        WHEN active = 0 THEN 1
        ELSE NULL
    END) AS inactive
FROM
    customer
GROUP BY store_id

